{"/Users/am/WebstormProjects/yhsd-api-node/index.js":{"path":"/Users/am/WebstormProjects/yhsd-api-node/index.js","s":{"1":1},"b":{},"f":{},"fnMap":{},"statementMap":{"1":{"start":{"line":1,"column":0},"end":{"line":6,"column":2}}},"branchMap":{}},"/Users/am/WebstormProjects/yhsd-api-node/lib/config.js":{"path":"/Users/am/WebstormProjects/yhsd-api-node/lib/config.js","s":{"1":1,"2":1,"3":1,"4":1,"5":4,"6":0,"7":4,"8":0,"9":4,"10":0,"11":4,"12":0,"13":1,"14":1},"b":{"1":[0,4],"2":[0,4],"3":[0,4],"4":[0,4]},"f":{"1":4},"fnMap":{"1":{"name":"(anonymous_1)","line":5,"loc":{"start":{"line":5,"column":21},"end":{"line":5,"column":42}}}},"statementMap":{"1":{"start":{"line":1,"column":0},"end":{"line":1,"column":36}},"2":{"start":{"line":2,"column":0},"end":{"line":2,"column":35}},"3":{"start":{"line":3,"column":0},"end":{"line":3,"column":27}},"4":{"start":{"line":5,"column":0},"end":{"line":18,"column":3}},"5":{"start":{"line":6,"column":2},"end":{"line":8,"column":3}},"6":{"start":{"line":7,"column":4},"end":{"line":7,"column":38}},"7":{"start":{"line":9,"column":2},"end":{"line":11,"column":3}},"8":{"start":{"line":10,"column":4},"end":{"line":10,"column":38}},"9":{"start":{"line":12,"column":2},"end":{"line":14,"column":3}},"10":{"start":{"line":13,"column":4},"end":{"line":13,"column":26}},"11":{"start":{"line":15,"column":2},"end":{"line":17,"column":3}},"12":{"start":{"line":16,"column":4},"end":{"line":16,"column":27}},"13":{"start":{"line":21,"column":0},"end":{"line":27,"column":2}},"14":{"start":{"line":28,"column":0},"end":{"line":28,"column":24}}},"branchMap":{"1":{"line":6,"type":"if","locations":[{"start":{"line":6,"column":2},"end":{"line":6,"column":2}},{"start":{"line":6,"column":2},"end":{"line":6,"column":2}}]},"2":{"line":9,"type":"if","locations":[{"start":{"line":9,"column":2},"end":{"line":9,"column":2}},{"start":{"line":9,"column":2},"end":{"line":9,"column":2}}]},"3":{"line":12,"type":"if","locations":[{"start":{"line":12,"column":2},"end":{"line":12,"column":2}},{"start":{"line":12,"column":2},"end":{"line":12,"column":2}}]},"4":{"line":15,"type":"if","locations":[{"start":{"line":15,"column":2},"end":{"line":15,"column":2}},{"start":{"line":15,"column":2},"end":{"line":15,"column":2}}]}}},"/Users/am/WebstormProjects/yhsd-api-node/lib/Auth.js":{"path":"/Users/am/WebstormProjects/yhsd-api-node/lib/Auth.js","s":{"1":1,"2":1,"3":1,"4":1,"5":1,"6":1,"7":1,"8":13,"9":1,"10":12,"11":10,"12":1,"13":9,"14":11,"15":11,"16":11,"17":11,"18":11,"19":11,"20":11,"21":11,"22":11,"23":1,"24":4,"25":1,"26":3,"27":3,"28":3,"29":2,"30":1,"31":1,"32":4,"33":4,"34":4,"35":2,"36":2,"37":2,"38":1,"39":1,"40":3,"41":3,"42":3,"43":0,"44":1,"45":1,"46":1,"47":1,"48":1,"49":1},"b":{"1":[1,12],"2":[13,13,13],"3":[10,2],"4":[1,9],"5":[9,9],"6":[11,0],"7":[11,0],"8":[11,9],"9":[11,2],"10":[11,2],"11":[11,11],"12":[11,11],"13":[11,11],"14":[1,3],"15":[3,2],"16":[1,1],"17":[2,2],"18":[1,1],"19":[0,1],"20":[0,1]},"f":{"1":13,"2":4,"3":2,"4":4,"5":3,"6":1},"fnMap":{"1":{"name":"(anonymous_1)","line":21,"loc":{"start":{"line":21,"column":11},"end":{"line":21,"column":30}}},"2":{"name":"(anonymous_2)","line":51,"loc":{"start":{"line":51,"column":14},"end":{"line":51,"column":34}}},"3":{"name":"(anonymous_3)","line":68,"loc":{"start":{"line":68,"column":19},"end":{"line":68,"column":45}}},"4":{"name":"(anonymous_4)","line":86,"loc":{"start":{"line":86,"column":12},"end":{"line":86,"column":28}}},"5":{"name":"(anonymous_5)","line":114,"loc":{"start":{"line":114,"column":54},"end":{"line":114,"column":70}}},"6":{"name":"(anonymous_6)","line":121,"loc":{"start":{"line":121,"column":16},"end":{"line":121,"column":53}}}},"statementMap":{"1":{"start":{"line":1,"column":0},"end":{"line":1,"column":41}},"2":{"start":{"line":2,"column":0},"end":{"line":2,"column":31}},"3":{"start":{"line":3,"column":0},"end":{"line":3,"column":33}},"4":{"start":{"line":4,"column":0},"end":{"line":4,"column":35}},"5":{"start":{"line":5,"column":0},"end":{"line":5,"column":32}},"6":{"start":{"line":6,"column":0},"end":{"line":6,"column":35}},"7":{"start":{"line":21,"column":0},"end":{"line":43,"column":2}},"8":{"start":{"line":22,"column":2},"end":{"line":24,"column":3}},"9":{"start":{"line":23,"column":4},"end":{"line":23,"column":21}},"10":{"start":{"line":25,"column":2},"end":{"line":30,"column":3}},"11":{"start":{"line":26,"column":4},"end":{"line":28,"column":5}},"12":{"start":{"line":27,"column":6},"end":{"line":27,"column":23}},"13":{"start":{"line":29,"column":4},"end":{"line":29,"column":54}},"14":{"start":{"line":32,"column":2},"end":{"line":32,"column":38}},"15":{"start":{"line":33,"column":2},"end":{"line":33,"column":44}},"16":{"start":{"line":34,"column":2},"end":{"line":34,"column":42}},"17":{"start":{"line":35,"column":2},"end":{"line":35,"column":48}},"18":{"start":{"line":36,"column":2},"end":{"line":36,"column":35}},"19":{"start":{"line":37,"column":2},"end":{"line":37,"column":48}},"20":{"start":{"line":38,"column":2},"end":{"line":38,"column":58}},"21":{"start":{"line":39,"column":2},"end":{"line":39,"column":45}},"22":{"start":{"line":40,"column":2},"end":{"line":42,"column":5}},"23":{"start":{"line":45,"column":0},"end":{"line":127,"column":2}},"24":{"start":{"line":52,"column":4},"end":{"line":54,"column":5}},"25":{"start":{"line":53,"column":6},"end":{"line":53,"column":23}},"26":{"start":{"line":55,"column":4},"end":{"line":55,"column":29}},"27":{"start":{"line":56,"column":4},"end":{"line":56,"column":25}},"28":{"start":{"line":57,"column":4},"end":{"line":60,"column":24}},"29":{"start":{"line":69,"column":4},"end":{"line":71,"column":5}},"30":{"start":{"line":70,"column":6},"end":{"line":70,"column":23}},"31":{"start":{"line":72,"column":4},"end":{"line":79,"column":49}},"32":{"start":{"line":87,"column":4},"end":{"line":87,"column":15}},"33":{"start":{"line":88,"column":4},"end":{"line":88,"column":74}},"34":{"start":{"line":91,"column":4},"end":{"line":106,"column":5}},"35":{"start":{"line":92,"column":6},"end":{"line":92,"column":109}},"36":{"start":{"line":93,"column":6},"end":{"line":95,"column":8}},"37":{"start":{"line":97,"column":6},"end":{"line":99,"column":7}},"38":{"start":{"line":98,"column":8},"end":{"line":98,"column":25}},"39":{"start":{"line":100,"column":6},"end":{"line":105,"column":8}},"40":{"start":{"line":108,"column":4},"end":{"line":113,"column":6}},"41":{"start":{"line":114,"column":4},"end":{"line":119,"column":7}},"42":{"start":{"line":115,"column":6},"end":{"line":117,"column":7}},"43":{"start":{"line":116,"column":8},"end":{"line":116,"column":37}},"44":{"start":{"line":118,"column":6},"end":{"line":118,"column":24}},"45":{"start":{"line":122,"column":4},"end":{"line":122,"column":53}},"46":{"start":{"line":123,"column":4},"end":{"line":123,"column":64}},"47":{"start":{"line":124,"column":4},"end":{"line":124,"column":61}},"48":{"start":{"line":125,"column":4},"end":{"line":125,"column":31}},"49":{"start":{"line":130,"column":0},"end":{"line":130,"column":22}}},"branchMap":{"1":{"line":22,"type":"if","locations":[{"start":{"line":22,"column":2},"end":{"line":22,"column":2}},{"start":{"line":22,"column":2},"end":{"line":22,"column":2}}]},"2":{"line":22,"type":"binary-expr","locations":[{"start":{"line":22,"column":6},"end":{"line":22,"column":26}},{"start":{"line":22,"column":30},"end":{"line":22,"column":45}},{"start":{"line":22,"column":49},"end":{"line":22,"column":67}}]},"3":{"line":25,"type":"if","locations":[{"start":{"line":25,"column":2},"end":{"line":25,"column":2}},{"start":{"line":25,"column":2},"end":{"line":25,"column":2}}]},"4":{"line":26,"type":"if","locations":[{"start":{"line":26,"column":4},"end":{"line":26,"column":4}},{"start":{"line":26,"column":4},"end":{"line":26,"column":4}}]},"5":{"line":29,"type":"binary-expr","locations":[{"start":{"line":29,"column":4},"end":{"line":29,"column":17}},{"start":{"line":29,"column":22},"end":{"line":29,"column":52}}]},"6":{"line":32,"type":"binary-expr","locations":[{"start":{"line":32,"column":17},"end":{"line":32,"column":31}},{"start":{"line":32,"column":35},"end":{"line":32,"column":37}}]},"7":{"line":33,"type":"binary-expr","locations":[{"start":{"line":33,"column":20},"end":{"line":33,"column":37}},{"start":{"line":33,"column":41},"end":{"line":33,"column":43}}]},"8":{"line":34,"type":"binary-expr","locations":[{"start":{"line":34,"column":17},"end":{"line":34,"column":32}},{"start":{"line":34,"column":36},"end":{"line":34,"column":41}}]},"9":{"line":35,"type":"binary-expr","locations":[{"start":{"line":35,"column":22},"end":{"line":35,"column":41}},{"start":{"line":35,"column":45},"end":{"line":35,"column":47}}]},"10":{"line":36,"type":"binary-expr","locations":[{"start":{"line":36,"column":15},"end":{"line":36,"column":28}},{"start":{"line":36,"column":32},"end":{"line":36,"column":34}}]},"11":{"line":37,"type":"binary-expr","locations":[{"start":{"line":37,"column":22},"end":{"line":37,"column":41}},{"start":{"line":37,"column":45},"end":{"line":37,"column":47}}]},"12":{"line":38,"type":"binary-expr","locations":[{"start":{"line":38,"column":18},"end":{"line":38,"column":34}},{"start":{"line":38,"column":38},"end":{"line":38,"column":57}}]},"13":{"line":39,"type":"binary-expr","locations":[{"start":{"line":39,"column":14},"end":{"line":39,"column":26}},{"start":{"line":39,"column":30},"end":{"line":39,"column":44}}]},"14":{"line":52,"type":"if","locations":[{"start":{"line":52,"column":4},"end":{"line":52,"column":4}},{"start":{"line":52,"column":4},"end":{"line":52,"column":4}}]},"15":{"line":57,"type":"binary-expr","locations":[{"start":{"line":57,"column":12},"end":{"line":57,"column":77}},{"start":{"line":58,"column":7},"end":{"line":60,"column":22}}]},"16":{"line":69,"type":"if","locations":[{"start":{"line":69,"column":4},"end":{"line":69,"column":4}},{"start":{"line":69,"column":4},"end":{"line":69,"column":4}}]},"17":{"line":91,"type":"if","locations":[{"start":{"line":91,"column":4},"end":{"line":91,"column":4}},{"start":{"line":91,"column":4},"end":{"line":91,"column":4}}]},"18":{"line":97,"type":"if","locations":[{"start":{"line":97,"column":6},"end":{"line":97,"column":6}},{"start":{"line":97,"column":6},"end":{"line":97,"column":6}}]},"19":{"line":104,"type":"cond-expr","locations":[{"start":{"line":104,"column":42},"end":{"line":104,"column":59}},{"start":{"line":104,"column":62},"end":{"line":104,"column":79}}]},"20":{"line":115,"type":"if","locations":[{"start":{"line":115,"column":6},"end":{"line":115,"column":6}},{"start":{"line":115,"column":6},"end":{"line":115,"column":6}}]}}},"/Users/am/WebstormProjects/yhsd-api-node/lib/Request.js":{"path":"/Users/am/WebstormProjects/yhsd-api-node/lib/Request.js","s":{"1":1,"2":1,"3":1,"4":1,"5":1,"6":1,"7":1,"8":7,"9":7,"10":4,"11":3,"12":3,"13":3,"14":7,"15":1,"16":208,"17":208,"18":208,"19":1,"20":207,"21":207,"22":207,"23":0,"24":207,"25":1,"26":15,"27":15,"28":15,"29":15,"30":1,"31":212,"32":212,"33":212,"34":212,"35":212,"36":212,"37":212,"38":7,"39":7,"40":212,"41":212,"42":212,"43":211,"44":211,"45":211,"46":211,"47":211,"48":0,"49":211,"50":211,"51":211,"52":211,"53":211,"54":212,"55":212,"56":208,"57":208,"58":208,"59":0,"60":208,"61":4,"62":211,"63":211,"64":207,"65":207,"66":4,"67":1},"b":{"1":[4,3],"2":[7,7],"3":[2,3],"4":[208,208],"5":[207,8],"6":[207,0],"7":[15,14],"8":[15,14],"9":[15,3],"10":[15,14],"11":[0,212],"12":[7,205],"13":[208,4],"14":[208,208],"15":[0,208],"16":[207,4],"17":[207,0],"18":[207,207]},"f":{"1":7,"2":208,"3":207,"4":15,"5":212,"6":212,"7":212,"8":212,"9":211,"10":211,"11":211,"12":212,"13":208,"14":211},"fnMap":{"1":{"name":"genStringify","line":15,"loc":{"start":{"line":15,"column":0},"end":{"line":15,"column":31}}},"2":{"name":"increment","line":36,"loc":{"start":{"line":36,"column":0},"end":{"line":36,"column":26}}},"3":{"name":"decrement","line":45,"loc":{"start":{"line":45,"column":0},"end":{"line":45,"column":26}}},"4":{"name":"(anonymous_4)","line":56,"loc":{"start":{"line":56,"column":14},"end":{"line":56,"column":32}}},"5":{"name":"(anonymous_5)","line":69,"loc":{"start":{"line":69,"column":11},"end":{"line":69,"column":38}}},"6":{"name":"(anonymous_6)","line":73,"loc":{"start":{"line":73,"column":12},"end":{"line":73,"column":24}}},"7":{"name":"(anonymous_7)","line":76,"loc":{"start":{"line":76,"column":27},"end":{"line":76,"column":54}}},"8":{"name":"(anonymous_8)","line":98,"loc":{"start":{"line":98,"column":17},"end":{"line":98,"column":44}}},"9":{"name":"(anonymous_9)","line":101,"loc":{"start":{"line":101,"column":11},"end":{"line":101,"column":26}}},"10":{"name":"(anonymous_10)","line":104,"loc":{"start":{"line":104,"column":20},"end":{"line":104,"column":32}}},"11":{"name":"(anonymous_11)","line":119,"loc":{"start":{"line":119,"column":21},"end":{"line":119,"column":37}}},"12":{"name":"(anonymous_12)","line":127,"loc":{"start":{"line":127,"column":18},"end":{"line":127,"column":30}}},"13":{"name":"(anonymous_13)","line":132,"loc":{"start":{"line":132,"column":14},"end":{"line":132,"column":31}}},"14":{"name":"(anonymous_14)","line":150,"loc":{"start":{"line":150,"column":17},"end":{"line":150,"column":34}}}},"statementMap":{"1":{"start":{"line":1,"column":0},"end":{"line":1,"column":34}},"2":{"start":{"line":2,"column":0},"end":{"line":2,"column":41}},"3":{"start":{"line":3,"column":0},"end":{"line":3,"column":33}},"4":{"start":{"line":5,"column":0},"end":{"line":5,"column":16}},"5":{"start":{"line":6,"column":0},"end":{"line":6,"column":16}},"6":{"start":{"line":7,"column":0},"end":{"line":7,"column":50}},"7":{"start":{"line":15,"column":0},"end":{"line":29,"column":1}},"8":{"start":{"line":16,"column":2},"end":{"line":16,"column":18}},"9":{"start":{"line":17,"column":2},"end":{"line":27,"column":3}},"10":{"start":{"line":19,"column":4},"end":{"line":19,"column":40}},"11":{"start":{"line":21,"column":4},"end":{"line":26,"column":5}},"12":{"start":{"line":24,"column":8},"end":{"line":24,"column":37}},"13":{"start":{"line":25,"column":8},"end":{"line":25,"column":14}},"14":{"start":{"line":28,"column":2},"end":{"line":28,"column":21}},"15":{"start":{"line":36,"column":0},"end":{"line":40,"column":1}},"16":{"start":{"line":37,"column":2},"end":{"line":37,"column":21}},"17":{"start":{"line":38,"column":2},"end":{"line":38,"column":19}},"18":{"start":{"line":39,"column":2},"end":{"line":39,"column":15}},"19":{"start":{"line":45,"column":0},"end":{"line":53,"column":1}},"20":{"start":{"line":46,"column":2},"end":{"line":46,"column":21}},"21":{"start":{"line":47,"column":2},"end":{"line":51,"column":3}},"22":{"start":{"line":48,"column":4},"end":{"line":48,"column":14}},"23":{"start":{"line":50,"column":4},"end":{"line":50,"column":21}},"24":{"start":{"line":52,"column":2},"end":{"line":52,"column":15}},"25":{"start":{"line":56,"column":0},"end":{"line":61,"column":2}},"26":{"start":{"line":57,"column":2},"end":{"line":57,"column":58}},"27":{"start":{"line":58,"column":2},"end":{"line":58,"column":60}},"28":{"start":{"line":59,"column":2},"end":{"line":59,"column":63}},"29":{"start":{"line":60,"column":2},"end":{"line":60,"column":44}},"30":{"start":{"line":63,"column":0},"end":{"line":164,"column":2}},"31":{"start":{"line":70,"column":4},"end":{"line":70,"column":20}},"32":{"start":{"line":72,"column":4},"end":{"line":90,"column":9}},"33":{"start":{"line":76,"column":8},"end":{"line":89,"column":11}},"34":{"start":{"line":77,"column":10},"end":{"line":77,"column":85}},"35":{"start":{"line":78,"column":10},"end":{"line":78,"column":81}},"36":{"start":{"line":80,"column":10},"end":{"line":80,"column":34}},"37":{"start":{"line":83,"column":10},"end":{"line":86,"column":11}},"38":{"start":{"line":84,"column":12},"end":{"line":84,"column":50}},"39":{"start":{"line":85,"column":12},"end":{"line":85,"column":41}},"40":{"start":{"line":88,"column":10},"end":{"line":88,"column":20}},"41":{"start":{"line":99,"column":4},"end":{"line":99,"column":20}},"42":{"start":{"line":101,"column":4},"end":{"line":122,"column":6}},"43":{"start":{"line":102,"column":6},"end":{"line":102,"column":19}},"44":{"start":{"line":104,"column":6},"end":{"line":117,"column":9}},"45":{"start":{"line":105,"column":8},"end":{"line":105,"column":49}},"46":{"start":{"line":106,"column":8},"end":{"line":115,"column":9}},"47":{"start":{"line":107,"column":10},"end":{"line":107,"column":34}},"48":{"start":{"line":109,"column":10},"end":{"line":109,"column":22}},"49":{"start":{"line":112,"column":10},"end":{"line":112,"column":101}},"50":{"start":{"line":113,"column":10},"end":{"line":113,"column":36}},"51":{"start":{"line":116,"column":8},"end":{"line":116,"column":22}},"52":{"start":{"line":119,"column":6},"end":{"line":121,"column":9}},"53":{"start":{"line":120,"column":8},"end":{"line":120,"column":23}},"54":{"start":{"line":128,"column":4},"end":{"line":128,"column":20}},"55":{"start":{"line":130,"column":4},"end":{"line":142,"column":5}},"56":{"start":{"line":131,"column":6},"end":{"line":141,"column":37}},"57":{"start":{"line":133,"column":10},"end":{"line":133,"column":29}},"58":{"start":{"line":135,"column":10},"end":{"line":137,"column":11}},"59":{"start":{"line":136,"column":12},"end":{"line":136,"column":82}},"60":{"start":{"line":138,"column":10},"end":{"line":138,"column":23}},"61":{"start":{"line":144,"column":4},"end":{"line":144,"column":29}},"62":{"start":{"line":151,"column":4},"end":{"line":151,"column":48}},"63":{"start":{"line":153,"column":4},"end":{"line":160,"column":5}},"64":{"start":{"line":154,"column":6},"end":{"line":159,"column":39}},"65":{"start":{"line":155,"column":8},"end":{"line":159,"column":39}},"66":{"start":{"line":162,"column":4},"end":{"line":162,"column":29}},"67":{"start":{"line":167,"column":0},"end":{"line":167,"column":25}}},"branchMap":{"1":{"line":17,"type":"if","locations":[{"start":{"line":17,"column":2},"end":{"line":17,"column":2}},{"start":{"line":17,"column":2},"end":{"line":17,"column":2}}]},"2":{"line":17,"type":"binary-expr","locations":[{"start":{"line":17,"column":6},"end":{"line":17,"column":37}},{"start":{"line":18,"column":4},"end":{"line":18,"column":89}}]},"3":{"line":21,"type":"switch","locations":[{"start":{"line":22,"column":6},"end":{"line":22,"column":18}},{"start":{"line":23,"column":6},"end":{"line":25,"column":14}}]},"4":{"line":37,"type":"binary-expr","locations":[{"start":{"line":37,"column":10},"end":{"line":37,"column":15}},{"start":{"line":37,"column":19},"end":{"line":37,"column":20}}]},"5":{"line":46,"type":"binary-expr","locations":[{"start":{"line":46,"column":10},"end":{"line":46,"column":15}},{"start":{"line":46,"column":19},"end":{"line":46,"column":20}}]},"6":{"line":47,"type":"if","locations":[{"start":{"line":47,"column":2},"end":{"line":47,"column":2}},{"start":{"line":47,"column":2},"end":{"line":47,"column":2}}]},"7":{"line":57,"type":"binary-expr","locations":[{"start":{"line":57,"column":25},"end":{"line":57,"column":31}},{"start":{"line":57,"column":35},"end":{"line":57,"column":57}}]},"8":{"line":58,"type":"binary-expr","locations":[{"start":{"line":58,"column":26},"end":{"line":58,"column":32}},{"start":{"line":58,"column":36},"end":{"line":58,"column":59}}]},"9":{"line":59,"type":"binary-expr","locations":[{"start":{"line":59,"column":17},"end":{"line":59,"column":37}},{"start":{"line":59,"column":41},"end":{"line":59,"column":62}}]},"10":{"line":60,"type":"binary-expr","locations":[{"start":{"line":60,"column":18},"end":{"line":60,"column":24}},{"start":{"line":60,"column":28},"end":{"line":60,"column":43}}]},"11":{"line":77,"type":"cond-expr","locations":[{"start":{"line":77,"column":50},"end":{"line":77,"column":65}},{"start":{"line":77,"column":68},"end":{"line":77,"column":84}}]},"12":{"line":83,"type":"if","locations":[{"start":{"line":83,"column":10},"end":{"line":83,"column":10}},{"start":{"line":83,"column":10},"end":{"line":83,"column":10}}]},"13":{"line":130,"type":"if","locations":[{"start":{"line":130,"column":4},"end":{"line":130,"column":4}},{"start":{"line":130,"column":4},"end":{"line":130,"column":4}}]},"14":{"line":133,"type":"binary-expr","locations":[{"start":{"line":133,"column":18},"end":{"line":133,"column":23}},{"start":{"line":133,"column":27},"end":{"line":133,"column":28}}]},"15":{"line":135,"type":"if","locations":[{"start":{"line":135,"column":10},"end":{"line":135,"column":10}},{"start":{"line":135,"column":10},"end":{"line":135,"column":10}}]},"16":{"line":153,"type":"if","locations":[{"start":{"line":153,"column":4},"end":{"line":153,"column":4}},{"start":{"line":153,"column":4},"end":{"line":153,"column":4}}]},"17":{"line":154,"type":"if","locations":[{"start":{"line":154,"column":6},"end":{"line":154,"column":6}},{"start":{"line":154,"column":6},"end":{"line":154,"column":6}}]},"18":{"line":154,"type":"binary-expr","locations":[{"start":{"line":154,"column":10},"end":{"line":154,"column":30}},{"start":{"line":154,"column":34},"end":{"line":154,"column":55}}]}}},"/Users/am/WebstormProjects/yhsd-api-node/lib/Api.js":{"path":"/Users/am/WebstormProjects/yhsd-api-node/lib/Api.js","s":{"1":1,"2":1,"3":1,"4":1,"5":1,"6":1,"7":1,"8":1,"9":1,"10":2,"11":0,"12":1,"13":15,"14":1,"15":22,"16":22,"17":1,"18":4,"19":37,"20":37,"21":37,"22":1,"23":3,"24":1,"25":2,"26":2,"27":2,"28":2,"29":2,"30":2,"31":1,"32":4,"33":1,"34":3,"35":2,"36":1,"37":1,"38":3,"39":1,"40":2,"41":3,"42":1,"43":2,"44":8,"45":1},"b":{"1":[0,2],"2":[2,1,1,0,0],"3":[1,2],"4":[2,1,1],"5":[2,1,2],"6":[2,1,2],"7":[2,1,1],"8":[1,3],"9":[1,2],"10":[1,1],"11":[1,2],"12":[1,2]},"f":{"1":2,"2":15,"3":22,"4":4,"5":37,"6":3,"7":4,"8":2,"9":3,"10":3,"11":8},"fnMap":{"1":{"name":"check","line":12,"loc":{"start":{"line":12,"column":0},"end":{"line":12,"column":23}}},"2":{"name":"(anonymous_2)","line":25,"loc":{"start":{"line":25,"column":24},"end":{"line":25,"column":41}}},"3":{"name":"(anonymous_3)","line":35,"loc":{"start":{"line":35,"column":25},"end":{"line":35,"column":49}}},"4":{"name":"(anonymous_4)","line":46,"loc":{"start":{"line":46,"column":19},"end":{"line":46,"column":40}}},"5":{"name":"(anonymous_5)","line":47,"loc":{"start":{"line":47,"column":9},"end":{"line":47,"column":21}}},"6":{"name":"(anonymous_6)","line":66,"loc":{"start":{"line":66,"column":10},"end":{"line":66,"column":35}}},"7":{"name":"(anonymous_7)","line":92,"loc":{"start":{"line":92,"column":7},"end":{"line":92,"column":30}}},"8":{"name":"(anonymous_8)","line":104,"loc":{"start":{"line":104,"column":7},"end":{"line":104,"column":29}}},"9":{"name":"(anonymous_9)","line":116,"loc":{"start":{"line":116,"column":8},"end":{"line":116,"column":30}}},"10":{"name":"(anonymous_10)","line":127,"loc":{"start":{"line":127,"column":10},"end":{"line":127,"column":26}}},"11":{"name":"(anonymous_11)","line":140,"loc":{"start":{"line":140,"column":11},"end":{"line":140,"column":43}}}},"statementMap":{"1":{"start":{"line":1,"column":0},"end":{"line":1,"column":41}},"2":{"start":{"line":2,"column":0},"end":{"line":2,"column":34}},"3":{"start":{"line":4,"column":0},"end":{"line":4,"column":29}},"4":{"start":{"line":5,"column":0},"end":{"line":5,"column":33}},"5":{"start":{"line":6,"column":0},"end":{"line":6,"column":35}},"6":{"start":{"line":8,"column":0},"end":{"line":8,"column":21}},"7":{"start":{"line":9,"column":0},"end":{"line":9,"column":31}},"8":{"start":{"line":10,"column":0},"end":{"line":10,"column":77}},"9":{"start":{"line":12,"column":0},"end":{"line":18,"column":1}},"10":{"start":{"line":13,"column":2},"end":{"line":17,"column":3}},"11":{"start":{"line":16,"column":4},"end":{"line":16,"column":23}},"12":{"start":{"line":25,"column":0},"end":{"line":27,"column":2}},"13":{"start":{"line":26,"column":2},"end":{"line":26,"column":28}},"14":{"start":{"line":35,"column":0},"end":{"line":38,"column":2}},"15":{"start":{"line":36,"column":2},"end":{"line":36,"column":29}},"16":{"start":{"line":37,"column":2},"end":{"line":37,"column":28}},"17":{"start":{"line":46,"column":0},"end":{"line":54,"column":2}},"18":{"start":{"line":47,"column":2},"end":{"line":53,"column":4}},"19":{"start":{"line":49,"column":4},"end":{"line":49,"column":53}},"20":{"start":{"line":51,"column":4},"end":{"line":51,"column":24}},"21":{"start":{"line":52,"column":4},"end":{"line":52,"column":45}},"22":{"start":{"line":66,"column":0},"end":{"line":83,"column":2}},"23":{"start":{"line":67,"column":2},"end":{"line":69,"column":3}},"24":{"start":{"line":68,"column":4},"end":{"line":68,"column":21}},"25":{"start":{"line":70,"column":2},"end":{"line":70,"column":16}},"26":{"start":{"line":72,"column":2},"end":{"line":72,"column":21}},"27":{"start":{"line":73,"column":2},"end":{"line":73,"column":56}},"28":{"start":{"line":75,"column":2},"end":{"line":75,"column":79}},"29":{"start":{"line":76,"column":2},"end":{"line":76,"column":82}},"30":{"start":{"line":78,"column":2},"end":{"line":82,"column":5}},"31":{"start":{"line":85,"column":0},"end":{"line":151,"column":2}},"32":{"start":{"line":93,"column":4},"end":{"line":95,"column":5}},"33":{"start":{"line":94,"column":6},"end":{"line":94,"column":23}},"34":{"start":{"line":96,"column":4},"end":{"line":96,"column":95}},"35":{"start":{"line":105,"column":4},"end":{"line":107,"column":5}},"36":{"start":{"line":106,"column":6},"end":{"line":106,"column":23}},"37":{"start":{"line":108,"column":4},"end":{"line":108,"column":43}},"38":{"start":{"line":117,"column":4},"end":{"line":119,"column":5}},"39":{"start":{"line":118,"column":6},"end":{"line":118,"column":23}},"40":{"start":{"line":120,"column":4},"end":{"line":120,"column":44}},"41":{"start":{"line":128,"column":4},"end":{"line":130,"column":5}},"42":{"start":{"line":129,"column":6},"end":{"line":129,"column":23}},"43":{"start":{"line":131,"column":4},"end":{"line":131,"column":46}},"44":{"start":{"line":141,"column":4},"end":{"line":149,"column":15}},"45":{"start":{"line":153,"column":0},"end":{"line":153,"column":21}}},"branchMap":{"1":{"line":13,"type":"if","locations":[{"start":{"line":13,"column":2},"end":{"line":13,"column":2}},{"start":{"line":13,"column":2},"end":{"line":13,"column":2}}]},"2":{"line":13,"type":"binary-expr","locations":[{"start":{"line":13,"column":6},"end":{"line":13,"column":12}},{"start":{"line":14,"column":5},"end":{"line":14,"column":27}},{"start":{"line":14,"column":31},"end":{"line":14,"column":54}},{"start":{"line":15,"column":5},"end":{"line":15,"column":45}},{"start":{"line":15,"column":49},"end":{"line":15,"column":90}}]},"3":{"line":67,"type":"if","locations":[{"start":{"line":67,"column":2},"end":{"line":67,"column":2}},{"start":{"line":67,"column":2},"end":{"line":67,"column":2}}]},"4":{"line":73,"type":"binary-expr","locations":[{"start":{"line":73,"column":15},"end":{"line":73,"column":21}},{"start":{"line":73,"column":25},"end":{"line":73,"column":36}},{"start":{"line":73,"column":41},"end":{"line":73,"column":55}}]},"5":{"line":75,"type":"binary-expr","locations":[{"start":{"line":75,"column":25},"end":{"line":75,"column":31}},{"start":{"line":75,"column":35},"end":{"line":75,"column":57}},{"start":{"line":75,"column":61},"end":{"line":75,"column":78}}]},"6":{"line":76,"type":"binary-expr","locations":[{"start":{"line":76,"column":26},"end":{"line":76,"column":32}},{"start":{"line":76,"column":36},"end":{"line":76,"column":59}},{"start":{"line":76,"column":63},"end":{"line":76,"column":81}}]},"7":{"line":79,"type":"binary-expr","locations":[{"start":{"line":79,"column":15},"end":{"line":79,"column":21}},{"start":{"line":79,"column":25},"end":{"line":79,"column":40}},{"start":{"line":79,"column":45},"end":{"line":79,"column":64}}]},"8":{"line":93,"type":"if","locations":[{"start":{"line":93,"column":4},"end":{"line":93,"column":4}},{"start":{"line":93,"column":4},"end":{"line":93,"column":4}}]},"9":{"line":96,"type":"cond-expr","locations":[{"start":{"line":96,"column":39},"end":{"line":96,"column":80}},{"start":{"line":96,"column":83},"end":{"line":96,"column":87}}]},"10":{"line":105,"type":"if","locations":[{"start":{"line":105,"column":4},"end":{"line":105,"column":4}},{"start":{"line":105,"column":4},"end":{"line":105,"column":4}}]},"11":{"line":117,"type":"if","locations":[{"start":{"line":117,"column":4},"end":{"line":117,"column":4}},{"start":{"line":117,"column":4},"end":{"line":117,"column":4}}]},"12":{"line":128,"type":"if","locations":[{"start":{"line":128,"column":4},"end":{"line":128,"column":4}},{"start":{"line":128,"column":4},"end":{"line":128,"column":4}}]}}},"/Users/am/WebstormProjects/yhsd-api-node/lib/util.js":{"path":"/Users/am/WebstormProjects/yhsd-api-node/lib/util.js","s":{"1":1,"2":0,"3":0,"4":0},"b":{"1":[0,0,0]},"f":{"1":0,"2":0,"3":0},"fnMap":{"1":{"name":"(anonymous_1)","line":2,"loc":{"start":{"line":2,"column":13},"end":{"line":2,"column":31}}},"2":{"name":"(anonymous_2)","line":5,"loc":{"start":{"line":5,"column":12},"end":{"line":5,"column":30}}},"3":{"name":"(anonymous_3)","line":8,"loc":{"start":{"line":8,"column":14},"end":{"line":8,"column":28}}}},"statementMap":{"1":{"start":{"line":1,"column":0},"end":{"line":11,"column":2}},"2":{"start":{"line":3,"column":4},"end":{"line":3,"column":75}},"3":{"start":{"line":6,"column":4},"end":{"line":6,"column":38}},"4":{"start":{"line":9,"column":4},"end":{"line":9,"column":36}}},"branchMap":{"1":{"line":3,"type":"binary-expr","locations":[{"start":{"line":3,"column":11},"end":{"line":3,"column":17}},{"start":{"line":3,"column":21},"end":{"line":3,"column":42}},{"start":{"line":3,"column":46},"end":{"line":3,"column":74}}]}}},"/Users/am/WebstormProjects/yhsd-api-node/lib/WebHook.js":{"path":"/Users/am/WebstormProjects/yhsd-api-node/lib/WebHook.js","s":{"1":1,"2":1,"3":1,"4":2,"5":1,"6":1,"7":1,"8":4,"9":1,"10":3,"11":3,"12":1},"b":{"1":[1,1],"2":[1,3]},"f":{"1":2,"2":4},"fnMap":{"1":{"name":"(anonymous_1)","line":8,"loc":{"start":{"line":8,"column":14},"end":{"line":8,"column":37}}},"2":{"name":"(anonymous_2)","line":22,"loc":{"start":{"line":22,"column":14},"end":{"line":22,"column":39}}}},"statementMap":{"1":{"start":{"line":1,"column":0},"end":{"line":1,"column":35}},"2":{"start":{"line":2,"column":0},"end":{"line":2,"column":31}},"3":{"start":{"line":8,"column":0},"end":{"line":13,"column":2}},"4":{"start":{"line":9,"column":2},"end":{"line":11,"column":3}},"5":{"start":{"line":10,"column":4},"end":{"line":10,"column":21}},"6":{"start":{"line":12,"column":2},"end":{"line":12,"column":28}},"7":{"start":{"line":15,"column":0},"end":{"line":29,"column":2}},"8":{"start":{"line":23,"column":4},"end":{"line":25,"column":5}},"9":{"start":{"line":24,"column":6},"end":{"line":24,"column":23}},"10":{"start":{"line":26,"column":4},"end":{"line":26,"column":107}},"11":{"start":{"line":27,"column":4},"end":{"line":27,"column":35}},"12":{"start":{"line":31,"column":0},"end":{"line":31,"column":25}}},"branchMap":{"1":{"line":9,"type":"if","locations":[{"start":{"line":9,"column":2},"end":{"line":9,"column":2}},{"start":{"line":9,"column":2},"end":{"line":9,"column":2}}]},"2":{"line":23,"type":"if","locations":[{"start":{"line":23,"column":4},"end":{"line":23,"column":4}},{"start":{"line":23,"column":4},"end":{"line":23,"column":4}}]}}}}