{"/Users/calvin/source/yeezon/yhsd-api-node/index.js":{"path":"/Users/calvin/source/yeezon/yhsd-api-node/index.js","s":{"1":1},"b":{},"f":{},"fnMap":{},"statementMap":{"1":{"start":{"line":1,"column":0},"end":{"line":6,"column":2}}},"branchMap":{}},"/Users/calvin/source/yeezon/yhsd-api-node/lib/config.js":{"path":"/Users/calvin/source/yeezon/yhsd-api-node/lib/config.js","s":{"1":1,"2":1,"3":1,"4":1,"5":1,"6":4,"7":0,"8":4,"9":0,"10":4,"11":0,"12":0,"13":1,"14":1},"b":{"1":[0,4],"2":[0,4],"3":[0,4]},"f":{"1":4},"fnMap":{"1":{"name":"(anonymous_1)","line":6,"loc":{"start":{"line":6,"column":21},"end":{"line":6,"column":42}}}},"statementMap":{"1":{"start":{"line":1,"column":0},"end":{"line":1,"column":36}},"2":{"start":{"line":2,"column":0},"end":{"line":2,"column":35}},"3":{"start":{"line":3,"column":0},"end":{"line":3,"column":28}},"4":{"start":{"line":4,"column":0},"end":{"line":4,"column":27}},"5":{"start":{"line":6,"column":0},"end":{"line":17,"column":3}},"6":{"start":{"line":7,"column":2},"end":{"line":9,"column":3}},"7":{"start":{"line":8,"column":4},"end":{"line":8,"column":38}},"8":{"start":{"line":10,"column":2},"end":{"line":12,"column":3}},"9":{"start":{"line":11,"column":4},"end":{"line":11,"column":38}},"10":{"start":{"line":13,"column":2},"end":{"line":16,"column":3}},"11":{"start":{"line":14,"column":4},"end":{"line":14,"column":27}},"12":{"start":{"line":15,"column":4},"end":{"line":15,"column":26}},"13":{"start":{"line":20,"column":0},"end":{"line":26,"column":2}},"14":{"start":{"line":27,"column":0},"end":{"line":27,"column":24}}},"branchMap":{"1":{"line":7,"type":"if","locations":[{"start":{"line":7,"column":2},"end":{"line":7,"column":2}},{"start":{"line":7,"column":2},"end":{"line":7,"column":2}}]},"2":{"line":10,"type":"if","locations":[{"start":{"line":10,"column":2},"end":{"line":10,"column":2}},{"start":{"line":10,"column":2},"end":{"line":10,"column":2}}]},"3":{"line":13,"type":"if","locations":[{"start":{"line":13,"column":2},"end":{"line":13,"column":2}},{"start":{"line":13,"column":2},"end":{"line":13,"column":2}}]}}},"/Users/calvin/source/yeezon/yhsd-api-node/lib/Auth.js":{"path":"/Users/calvin/source/yeezon/yhsd-api-node/lib/Auth.js","s":{"1":1,"2":1,"3":12,"4":1,"5":11,"6":8,"7":1,"8":7,"9":10,"10":1,"11":2,"12":1,"13":1,"14":1,"15":1,"16":2,"17":1,"18":1,"19":5,"20":5,"21":3,"22":1,"23":2,"24":2,"25":2,"26":2,"27":1,"28":1,"29":3,"30":3,"31":0,"32":3,"33":2,"34":1,"35":0,"36":1,"37":1,"38":1,"39":1,"40":1,"41":1},"b":{"1":[1,11],"2":[12,12,12],"3":[8,3],"4":[1,7],"5":[7,7],"6":[1,1],"7":[1,0],"8":[1,1],"9":[3,2],"10":[1,2],"11":[1,1],"12":[0,1],"13":[0,3],"14":[2,1],"15":[0,1]},"f":{"1":12,"2":2,"3":2,"4":5,"5":3,"6":1},"fnMap":{"1":{"name":"(anonymous_1)","line":21,"loc":{"start":{"line":21,"column":11},"end":{"line":21,"column":30}}},"2":{"name":"(anonymous_2)","line":40,"loc":{"start":{"line":40,"column":16},"end":{"line":40,"column":36}}},"3":{"name":"(anonymous_3)","line":57,"loc":{"start":{"line":57,"column":21},"end":{"line":57,"column":47}}},"4":{"name":"(anonymous_4)","line":75,"loc":{"start":{"line":75,"column":14},"end":{"line":75,"column":40}}},"5":{"name":"(anonymous_5)","line":103,"loc":{"start":{"line":103,"column":19},"end":{"line":103,"column":40}}},"6":{"name":"(anonymous_6)","line":118,"loc":{"start":{"line":118,"column":18},"end":{"line":118,"column":55}}}},"statementMap":{"1":{"start":{"line":1,"column":0},"end":{"line":6,"column":35}},"2":{"start":{"line":21,"column":0},"end":{"line":32,"column":2}},"3":{"start":{"line":22,"column":4},"end":{"line":24,"column":5}},"4":{"start":{"line":23,"column":8},"end":{"line":23,"column":25}},"5":{"start":{"line":25,"column":4},"end":{"line":30,"column":5}},"6":{"start":{"line":26,"column":8},"end":{"line":28,"column":9}},"7":{"start":{"line":27,"column":12},"end":{"line":27,"column":29}},"8":{"start":{"line":29,"column":8},"end":{"line":29,"column":58}},"9":{"start":{"line":31,"column":4},"end":{"line":31,"column":27}},"10":{"start":{"line":34,"column":0},"end":{"line":124,"column":2}},"11":{"start":{"line":41,"column":8},"end":{"line":43,"column":9}},"12":{"start":{"line":42,"column":12},"end":{"line":42,"column":29}},"13":{"start":{"line":44,"column":8},"end":{"line":44,"column":33}},"14":{"start":{"line":45,"column":8},"end":{"line":45,"column":29}},"15":{"start":{"line":46,"column":8},"end":{"line":49,"column":32}},"16":{"start":{"line":58,"column":8},"end":{"line":60,"column":9}},"17":{"start":{"line":59,"column":12},"end":{"line":59,"column":29}},"18":{"start":{"line":61,"column":8},"end":{"line":68,"column":55}},"19":{"start":{"line":76,"column":8},"end":{"line":77,"column":76}},"20":{"start":{"line":78,"column":8},"end":{"line":97,"column":9}},"21":{"start":{"line":79,"column":12},"end":{"line":81,"column":13}},"22":{"start":{"line":80,"column":16},"end":{"line":80,"column":33}},"23":{"start":{"line":82,"column":12},"end":{"line":82,"column":36}},"24":{"start":{"line":83,"column":12},"end":{"line":83,"column":129}},"25":{"start":{"line":84,"column":12},"end":{"line":86,"column":14}},"26":{"start":{"line":88,"column":12},"end":{"line":90,"column":13}},"27":{"start":{"line":89,"column":16},"end":{"line":89,"column":33}},"28":{"start":{"line":91,"column":12},"end":{"line":96,"column":14}},"29":{"start":{"line":98,"column":8},"end":{"line":116,"column":11}},"30":{"start":{"line":104,"column":12},"end":{"line":106,"column":13}},"31":{"start":{"line":105,"column":15},"end":{"line":105,"column":36}},"32":{"start":{"line":108,"column":12},"end":{"line":110,"column":13}},"33":{"start":{"line":109,"column":15},"end":{"line":109,"column":43}},"34":{"start":{"line":112,"column":12},"end":{"line":114,"column":13}},"35":{"start":{"line":113,"column":16},"end":{"line":113,"column":45}},"36":{"start":{"line":115,"column":12},"end":{"line":115,"column":39}},"37":{"start":{"line":119,"column":8},"end":{"line":119,"column":57}},"38":{"start":{"line":120,"column":8},"end":{"line":120,"column":68}},"39":{"start":{"line":121,"column":8},"end":{"line":121,"column":65}},"40":{"start":{"line":122,"column":8},"end":{"line":122,"column":35}},"41":{"start":{"line":127,"column":0},"end":{"line":127,"column":22}}},"branchMap":{"1":{"line":22,"type":"if","locations":[{"start":{"line":22,"column":4},"end":{"line":22,"column":4}},{"start":{"line":22,"column":4},"end":{"line":22,"column":4}}]},"2":{"line":22,"type":"binary-expr","locations":[{"start":{"line":22,"column":8},"end":{"line":22,"column":28}},{"start":{"line":22,"column":32},"end":{"line":22,"column":47}},{"start":{"line":22,"column":51},"end":{"line":22,"column":69}}]},"3":{"line":25,"type":"if","locations":[{"start":{"line":25,"column":4},"end":{"line":25,"column":4}},{"start":{"line":25,"column":4},"end":{"line":25,"column":4}}]},"4":{"line":26,"type":"if","locations":[{"start":{"line":26,"column":8},"end":{"line":26,"column":8}},{"start":{"line":26,"column":8},"end":{"line":26,"column":8}}]},"5":{"line":29,"type":"binary-expr","locations":[{"start":{"line":29,"column":8},"end":{"line":29,"column":21}},{"start":{"line":29,"column":26},"end":{"line":29,"column":56}}]},"6":{"line":41,"type":"if","locations":[{"start":{"line":41,"column":8},"end":{"line":41,"column":8}},{"start":{"line":41,"column":8},"end":{"line":41,"column":8}}]},"7":{"line":46,"type":"binary-expr","locations":[{"start":{"line":46,"column":16},"end":{"line":46,"column":81}},{"start":{"line":47,"column":13},"end":{"line":49,"column":30}}]},"8":{"line":58,"type":"if","locations":[{"start":{"line":58,"column":8},"end":{"line":58,"column":8}},{"start":{"line":58,"column":8},"end":{"line":58,"column":8}}]},"9":{"line":78,"type":"if","locations":[{"start":{"line":78,"column":8},"end":{"line":78,"column":8}},{"start":{"line":78,"column":8},"end":{"line":78,"column":8}}]},"10":{"line":79,"type":"if","locations":[{"start":{"line":79,"column":12},"end":{"line":79,"column":12}},{"start":{"line":79,"column":12},"end":{"line":79,"column":12}}]},"11":{"line":88,"type":"if","locations":[{"start":{"line":88,"column":12},"end":{"line":88,"column":12}},{"start":{"line":88,"column":12},"end":{"line":88,"column":12}}]},"12":{"line":95,"type":"cond-expr","locations":[{"start":{"line":95,"column":57},"end":{"line":95,"column":81}},{"start":{"line":95,"column":84},"end":{"line":95,"column":108}}]},"13":{"line":104,"type":"if","locations":[{"start":{"line":104,"column":12},"end":{"line":104,"column":12}},{"start":{"line":104,"column":12},"end":{"line":104,"column":12}}]},"14":{"line":108,"type":"if","locations":[{"start":{"line":108,"column":12},"end":{"line":108,"column":12}},{"start":{"line":108,"column":12},"end":{"line":108,"column":12}}]},"15":{"line":112,"type":"if","locations":[{"start":{"line":112,"column":12},"end":{"line":112,"column":12}},{"start":{"line":112,"column":12},"end":{"line":112,"column":12}}]}}},"/Users/calvin/source/yeezon/yhsd-api-node/lib/request.js":{"path":"/Users/calvin/source/yeezon/yhsd-api-node/lib/request.js","s":{"1":1,"2":4,"3":1,"4":10,"5":0,"6":0,"7":10,"8":10,"9":10,"10":10,"11":10,"12":10,"13":10,"14":0,"15":10,"16":10,"17":10,"18":10,"19":10,"20":0,"21":10,"22":6,"23":6,"24":3,"25":3,"26":3,"27":3,"28":6,"29":10,"30":1},"b":{"1":[0,10],"2":[6,4],"3":[3,3],"4":[6,6],"5":[2,3]},"f":{"1":4,"2":10,"3":10,"4":10,"5":10,"6":0},"fnMap":{"1":{"name":"(anonymous_1)","line":4,"loc":{"start":{"line":4,"column":25},"end":{"line":4,"column":36}}},"2":{"name":"(anonymous_2)","line":8,"loc":{"start":{"line":8,"column":14},"end":{"line":8,"column":50}}},"3":{"name":"(anonymous_3)","line":14,"loc":{"start":{"line":14,"column":41},"end":{"line":14,"column":55}}},"4":{"name":"(anonymous_4)","line":16,"loc":{"start":{"line":16,"column":18},"end":{"line":16,"column":29}}},"5":{"name":"(anonymous_5)","line":27,"loc":{"start":{"line":27,"column":19},"end":{"line":27,"column":34}}},"6":{"name":"(anonymous_6)","line":30,"loc":{"start":{"line":30,"column":20},"end":{"line":30,"column":34}}}},"statementMap":{"1":{"start":{"line":1,"column":0},"end":{"line":6,"column":4}},"2":{"start":{"line":5,"column":4},"end":{"line":5,"column":19}},"3":{"start":{"line":8,"column":0},"end":{"line":49,"column":2}},"4":{"start":{"line":9,"column":2},"end":{"line":12,"column":3}},"5":{"start":{"line":10,"column":4},"end":{"line":10,"column":56}},"6":{"start":{"line":11,"column":4},"end":{"line":11,"column":11}},"7":{"start":{"line":13,"column":2},"end":{"line":13,"column":17}},"8":{"start":{"line":14,"column":2},"end":{"line":33,"column":5}},"9":{"start":{"line":15,"column":4},"end":{"line":15,"column":17}},"10":{"start":{"line":16,"column":4},"end":{"line":26,"column":7}},"11":{"start":{"line":17,"column":6},"end":{"line":17,"column":47}},"12":{"start":{"line":18,"column":6},"end":{"line":24,"column":7}},"13":{"start":{"line":19,"column":8},"end":{"line":19,"column":32}},"14":{"start":{"line":21,"column":8},"end":{"line":21,"column":22}},"15":{"start":{"line":23,"column":8},"end":{"line":23,"column":118}},"16":{"start":{"line":25,"column":6},"end":{"line":25,"column":27}},"17":{"start":{"line":27,"column":4},"end":{"line":29,"column":7}},"18":{"start":{"line":28,"column":6},"end":{"line":28,"column":21}},"19":{"start":{"line":30,"column":4},"end":{"line":32,"column":7}},"20":{"start":{"line":31,"column":6},"end":{"line":31,"column":20}},"21":{"start":{"line":34,"column":2},"end":{"line":47,"column":3}},"22":{"start":{"line":35,"column":4},"end":{"line":35,"column":18}},"23":{"start":{"line":36,"column":4},"end":{"line":45,"column":5}},"24":{"start":{"line":37,"column":6},"end":{"line":37,"column":40}},"25":{"start":{"line":39,"column":6},"end":{"line":44,"column":7}},"26":{"start":{"line":42,"column":10},"end":{"line":42,"column":37}},"27":{"start":{"line":43,"column":10},"end":{"line":43,"column":16}},"28":{"start":{"line":46,"column":4},"end":{"line":46,"column":33}},"29":{"start":{"line":48,"column":2},"end":{"line":48,"column":12}},"30":{"start":{"line":51,"column":0},"end":{"line":51,"column":25}}},"branchMap":{"1":{"line":9,"type":"if","locations":[{"start":{"line":9,"column":2},"end":{"line":9,"column":2}},{"start":{"line":9,"column":2},"end":{"line":9,"column":2}}]},"2":{"line":34,"type":"if","locations":[{"start":{"line":34,"column":2},"end":{"line":34,"column":2}},{"start":{"line":34,"column":2},"end":{"line":34,"column":2}}]},"3":{"line":36,"type":"if","locations":[{"start":{"line":36,"column":4},"end":{"line":36,"column":4}},{"start":{"line":36,"column":4},"end":{"line":36,"column":4}}]},"4":{"line":36,"type":"binary-expr","locations":[{"start":{"line":36,"column":8},"end":{"line":36,"column":39}},{"start":{"line":36,"column":43},"end":{"line":36,"column":127}}]},"5":{"line":39,"type":"switch","locations":[{"start":{"line":40,"column":8},"end":{"line":40,"column":20}},{"start":{"line":41,"column":8},"end":{"line":43,"column":16}}]}}},"/Users/calvin/source/yeezon/yhsd-api-node/lib/Api.js":{"path":"/Users/calvin/source/yeezon/yhsd-api-node/lib/Api.js","s":{"1":1,"2":1,"3":2,"4":1,"5":1,"6":1,"7":3,"8":1,"9":2,"10":1,"11":1,"12":2,"13":2,"14":2,"15":1,"16":1,"17":1,"18":3,"19":1,"20":2,"21":2,"22":3,"23":1,"24":2,"25":2,"26":7,"27":7,"28":0,"29":7,"30":1,"31":6,"32":1},"b":{"1":[1,1],"2":[1,2],"3":[1,1],"4":[1,1],"5":[2,2],"6":[1,1],"7":[1,1],"8":[1,1],"9":[0,1],"10":[1,2],"11":[2,2],"12":[0,2],"13":[1,2],"14":[2,2],"15":[0,7],"16":[1,6]},"f":{"1":2,"2":3,"3":2,"4":2,"5":1,"6":3,"7":2,"8":3,"9":2,"10":7,"11":7},"fnMap":{"1":{"name":"(anonymous_1)","line":11,"loc":{"start":{"line":11,"column":10},"end":{"line":11,"column":26}}},"2":{"name":"(anonymous_2)","line":25,"loc":{"start":{"line":25,"column":7},"end":{"line":25,"column":39}}},"3":{"name":"(anonymous_3)","line":32,"loc":{"start":{"line":32,"column":92},"end":{"line":32,"column":112}}},"4":{"name":"(anonymous_4)","line":42,"loc":{"start":{"line":42,"column":7},"end":{"line":42,"column":38}}},"5":{"name":"(anonymous_5)","line":46,"loc":{"start":{"line":46,"column":40},"end":{"line":46,"column":60}}},"6":{"name":"(anonymous_6)","line":56,"loc":{"start":{"line":56,"column":8},"end":{"line":56,"column":39}}},"7":{"name":"(anonymous_7)","line":60,"loc":{"start":{"line":60,"column":41},"end":{"line":60,"column":61}}},"8":{"name":"(anonymous_8)","line":69,"loc":{"start":{"line":69,"column":10},"end":{"line":69,"column":35}}},"9":{"name":"(anonymous_9)","line":73,"loc":{"start":{"line":73,"column":43},"end":{"line":73,"column":57}}},"10":{"name":"(anonymous_10)","line":83,"loc":{"start":{"line":83,"column":15},"end":{"line":83,"column":56}}},"11":{"name":"(anonymous_11)","line":92,"loc":{"start":{"line":92,"column":15},"end":{"line":92,"column":35}}}},"statementMap":{"1":{"start":{"line":1,"column":0},"end":{"line":4,"column":33}},"2":{"start":{"line":11,"column":0},"end":{"line":16,"column":2}},"3":{"start":{"line":12,"column":2},"end":{"line":14,"column":3}},"4":{"start":{"line":13,"column":4},"end":{"line":13,"column":21}},"5":{"start":{"line":15,"column":2},"end":{"line":15,"column":21}},"6":{"start":{"line":18,"column":0},"end":{"line":103,"column":2}},"7":{"start":{"line":26,"column":4},"end":{"line":31,"column":5}},"8":{"start":{"line":27,"column":6},"end":{"line":27,"column":23}},"9":{"start":{"line":28,"column":11},"end":{"line":31,"column":5}},"10":{"start":{"line":29,"column":6},"end":{"line":29,"column":23}},"11":{"start":{"line":30,"column":6},"end":{"line":30,"column":19}},"12":{"start":{"line":32,"column":4},"end":{"line":34,"column":7}},"13":{"start":{"line":33,"column":6},"end":{"line":33,"column":53}},"14":{"start":{"line":43,"column":4},"end":{"line":45,"column":5}},"15":{"start":{"line":44,"column":6},"end":{"line":44,"column":23}},"16":{"start":{"line":46,"column":4},"end":{"line":48,"column":7}},"17":{"start":{"line":47,"column":6},"end":{"line":47,"column":53}},"18":{"start":{"line":57,"column":4},"end":{"line":59,"column":5}},"19":{"start":{"line":58,"column":6},"end":{"line":58,"column":23}},"20":{"start":{"line":60,"column":4},"end":{"line":62,"column":7}},"21":{"start":{"line":61,"column":6},"end":{"line":61,"column":53}},"22":{"start":{"line":70,"column":4},"end":{"line":72,"column":5}},"23":{"start":{"line":71,"column":6},"end":{"line":71,"column":23}},"24":{"start":{"line":73,"column":4},"end":{"line":75,"column":7}},"25":{"start":{"line":74,"column":6},"end":{"line":74,"column":34}},"26":{"start":{"line":84,"column":4},"end":{"line":101,"column":7}},"27":{"start":{"line":93,"column":6},"end":{"line":95,"column":7}},"28":{"start":{"line":94,"column":8},"end":{"line":94,"column":29}},"29":{"start":{"line":96,"column":6},"end":{"line":100,"column":7}},"30":{"start":{"line":97,"column":8},"end":{"line":97,"column":23}},"31":{"start":{"line":99,"column":8},"end":{"line":99,"column":29}},"32":{"start":{"line":105,"column":0},"end":{"line":105,"column":21}}},"branchMap":{"1":{"line":12,"type":"if","locations":[{"start":{"line":12,"column":2},"end":{"line":12,"column":2}},{"start":{"line":12,"column":2},"end":{"line":12,"column":2}}]},"2":{"line":26,"type":"if","locations":[{"start":{"line":26,"column":4},"end":{"line":26,"column":4}},{"start":{"line":26,"column":4},"end":{"line":26,"column":4}}]},"3":{"line":28,"type":"if","locations":[{"start":{"line":28,"column":11},"end":{"line":28,"column":11}},{"start":{"line":28,"column":11},"end":{"line":28,"column":11}}]},"4":{"line":32,"type":"cond-expr","locations":[{"start":{"line":32,"column":36},"end":{"line":32,"column":77}},{"start":{"line":32,"column":80},"end":{"line":32,"column":84}}]},"5":{"line":33,"type":"binary-expr","locations":[{"start":{"line":33,"column":6},"end":{"line":33,"column":14}},{"start":{"line":33,"column":19},"end":{"line":33,"column":51}}]},"6":{"line":33,"type":"cond-expr","locations":[{"start":{"line":33,"column":39},"end":{"line":33,"column":43}},{"start":{"line":33,"column":46},"end":{"line":33,"column":50}}]},"7":{"line":43,"type":"if","locations":[{"start":{"line":43,"column":4},"end":{"line":43,"column":4}},{"start":{"line":43,"column":4},"end":{"line":43,"column":4}}]},"8":{"line":47,"type":"binary-expr","locations":[{"start":{"line":47,"column":6},"end":{"line":47,"column":14}},{"start":{"line":47,"column":19},"end":{"line":47,"column":51}}]},"9":{"line":47,"type":"cond-expr","locations":[{"start":{"line":47,"column":39},"end":{"line":47,"column":43}},{"start":{"line":47,"column":46},"end":{"line":47,"column":50}}]},"10":{"line":57,"type":"if","locations":[{"start":{"line":57,"column":4},"end":{"line":57,"column":4}},{"start":{"line":57,"column":4},"end":{"line":57,"column":4}}]},"11":{"line":61,"type":"binary-expr","locations":[{"start":{"line":61,"column":6},"end":{"line":61,"column":14}},{"start":{"line":61,"column":19},"end":{"line":61,"column":51}}]},"12":{"line":61,"type":"cond-expr","locations":[{"start":{"line":61,"column":39},"end":{"line":61,"column":43}},{"start":{"line":61,"column":46},"end":{"line":61,"column":50}}]},"13":{"line":70,"type":"if","locations":[{"start":{"line":70,"column":4},"end":{"line":70,"column":4}},{"start":{"line":70,"column":4},"end":{"line":70,"column":4}}]},"14":{"line":74,"type":"binary-expr","locations":[{"start":{"line":74,"column":6},"end":{"line":74,"column":14}},{"start":{"line":74,"column":19},"end":{"line":74,"column":32}}]},"15":{"line":93,"type":"if","locations":[{"start":{"line":93,"column":6},"end":{"line":93,"column":6}},{"start":{"line":93,"column":6},"end":{"line":93,"column":6}}]},"16":{"line":96,"type":"if","locations":[{"start":{"line":96,"column":6},"end":{"line":96,"column":6}},{"start":{"line":96,"column":6},"end":{"line":96,"column":6}}]}}},"/Users/calvin/source/yeezon/yhsd-api-node/lib/WebHook.js":{"path":"/Users/calvin/source/yeezon/yhsd-api-node/lib/WebHook.js","s":{"1":1,"2":1,"3":2,"4":1,"5":1,"6":1,"7":2,"8":1,"9":1,"10":1},"b":{"1":[1,1],"2":[1,1]},"f":{"1":2,"2":2},"fnMap":{"1":{"name":"(anonymous_1)","line":8,"loc":{"start":{"line":8,"column":14},"end":{"line":8,"column":37}}},"2":{"name":"(anonymous_2)","line":22,"loc":{"start":{"line":22,"column":14},"end":{"line":22,"column":39}}}},"statementMap":{"1":{"start":{"line":1,"column":0},"end":{"line":2,"column":33}},"2":{"start":{"line":8,"column":0},"end":{"line":13,"column":2}},"3":{"start":{"line":9,"column":2},"end":{"line":11,"column":3}},"4":{"start":{"line":10,"column":4},"end":{"line":10,"column":21}},"5":{"start":{"line":12,"column":2},"end":{"line":12,"column":28}},"6":{"start":{"line":15,"column":0},"end":{"line":28,"column":2}},"7":{"start":{"line":23,"column":4},"end":{"line":25,"column":5}},"8":{"start":{"line":24,"column":6},"end":{"line":24,"column":23}},"9":{"start":{"line":26,"column":4},"end":{"line":26,"column":87}},"10":{"start":{"line":30,"column":0},"end":{"line":30,"column":25}}},"branchMap":{"1":{"line":9,"type":"if","locations":[{"start":{"line":9,"column":2},"end":{"line":9,"column":2}},{"start":{"line":9,"column":2},"end":{"line":9,"column":2}}]},"2":{"line":23,"type":"if","locations":[{"start":{"line":23,"column":4},"end":{"line":23,"column":4}},{"start":{"line":23,"column":4},"end":{"line":23,"column":4}}]}}}}