TN:
SF:/Users/calvin/source/yeezon/yhsd-api-node/index.js
FNF:0
FNH:0
DA:1,1
LF:1
LH:1
BRF:0
BRH:0
end_of_record
TN:
SF:/Users/calvin/source/yeezon/yhsd-api-node/lib/config.js
FN:6,(anonymous_1)
FNF:1
FNH:1
FNDA:4,(anonymous_1)
DA:1,1
DA:2,1
DA:3,1
DA:4,1
DA:6,1
DA:7,4
DA:8,0
DA:10,4
DA:11,0
DA:13,4
DA:14,0
DA:15,0
DA:20,1
DA:27,1
LF:14
LH:10
BRDA:7,1,0,0
BRDA:7,1,1,4
BRDA:10,2,0,0
BRDA:10,2,1,4
BRDA:13,3,0,0
BRDA:13,3,1,4
BRF:6
BRH:3
end_of_record
TN:
SF:/Users/calvin/source/yeezon/yhsd-api-node/lib/Auth.js
FN:21,(anonymous_1)
FN:40,(anonymous_2)
FN:57,(anonymous_3)
FN:75,(anonymous_4)
FN:103,(anonymous_5)
FN:118,(anonymous_6)
FNF:6
FNH:6
FNDA:12,(anonymous_1)
FNDA:2,(anonymous_2)
FNDA:2,(anonymous_3)
FNDA:5,(anonymous_4)
FNDA:3,(anonymous_5)
FNDA:1,(anonymous_6)
DA:1,1
DA:21,1
DA:22,12
DA:23,1
DA:25,11
DA:26,8
DA:27,1
DA:29,7
DA:31,10
DA:34,1
DA:41,2
DA:42,1
DA:44,1
DA:45,1
DA:46,1
DA:58,2
DA:59,1
DA:61,1
DA:76,5
DA:78,5
DA:79,3
DA:80,1
DA:82,2
DA:83,2
DA:84,2
DA:88,2
DA:89,1
DA:91,1
DA:98,3
DA:104,3
DA:105,0
DA:108,3
DA:109,2
DA:112,1
DA:113,0
DA:115,1
DA:119,1
DA:120,1
DA:121,1
DA:122,1
DA:127,1
LF:41
LH:39
BRDA:22,1,0,1
BRDA:22,1,1,11
BRDA:22,2,0,12
BRDA:22,2,1,12
BRDA:22,2,2,12
BRDA:25,3,0,8
BRDA:25,3,1,3
BRDA:26,4,0,1
BRDA:26,4,1,7
BRDA:29,5,0,7
BRDA:29,5,1,7
BRDA:41,6,0,1
BRDA:41,6,1,1
BRDA:46,7,0,1
BRDA:46,7,1,0
BRDA:58,8,0,1
BRDA:58,8,1,1
BRDA:78,9,0,3
BRDA:78,9,1,2
BRDA:79,10,0,1
BRDA:79,10,1,2
BRDA:88,11,0,1
BRDA:88,11,1,1
BRDA:95,12,0,0
BRDA:95,12,1,1
BRDA:104,13,0,0
BRDA:104,13,1,3
BRDA:108,14,0,2
BRDA:108,14,1,1
BRDA:112,15,0,0
BRDA:112,15,1,1
BRF:31
BRH:27
end_of_record
TN:
SF:/Users/calvin/source/yeezon/yhsd-api-node/lib/request.js
FN:4,(anonymous_1)
FN:8,(anonymous_2)
FN:14,(anonymous_3)
FN:16,(anonymous_4)
FN:27,(anonymous_5)
FN:30,(anonymous_6)
FNF:6
FNH:5
FNDA:4,(anonymous_1)
FNDA:10,(anonymous_2)
FNDA:10,(anonymous_3)
FNDA:10,(anonymous_4)
FNDA:10,(anonymous_5)
FNDA:0,(anonymous_6)
DA:1,1
DA:5,4
DA:8,1
DA:9,10
DA:10,0
DA:11,0
DA:13,10
DA:14,10
DA:15,10
DA:16,10
DA:17,10
DA:18,10
DA:19,10
DA:21,0
DA:23,10
DA:25,10
DA:27,10
DA:28,10
DA:30,10
DA:31,0
DA:34,10
DA:35,6
DA:36,6
DA:37,3
DA:39,3
DA:42,3
DA:43,3
DA:46,6
DA:48,10
DA:51,1
LF:30
LH:26
BRDA:9,1,0,0
BRDA:9,1,1,10
BRDA:34,2,0,6
BRDA:34,2,1,4
BRDA:36,3,0,3
BRDA:36,3,1,3
BRDA:36,4,0,6
BRDA:36,4,1,6
BRDA:39,5,0,2
BRDA:39,5,1,3
BRF:10
BRH:9
end_of_record
TN:
SF:/Users/calvin/source/yeezon/yhsd-api-node/lib/Api.js
FN:11,(anonymous_1)
FN:25,(anonymous_2)
FN:32,(anonymous_3)
FN:42,(anonymous_4)
FN:46,(anonymous_5)
FN:56,(anonymous_6)
FN:60,(anonymous_7)
FN:69,(anonymous_8)
FN:73,(anonymous_9)
FN:83,(anonymous_10)
FN:92,(anonymous_11)
FNF:11
FNH:11
FNDA:2,(anonymous_1)
FNDA:3,(anonymous_2)
FNDA:2,(anonymous_3)
FNDA:2,(anonymous_4)
FNDA:1,(anonymous_5)
FNDA:3,(anonymous_6)
FNDA:2,(anonymous_7)
FNDA:3,(anonymous_8)
FNDA:2,(anonymous_9)
FNDA:7,(anonymous_10)
FNDA:7,(anonymous_11)
DA:1,1
DA:11,1
DA:12,2
DA:13,1
DA:15,1
DA:18,1
DA:26,3
DA:27,1
DA:28,2
DA:29,1
DA:30,1
DA:32,2
DA:33,2
DA:43,2
DA:44,1
DA:46,1
DA:47,1
DA:57,3
DA:58,1
DA:60,2
DA:61,2
DA:70,3
DA:71,1
DA:73,2
DA:74,2
DA:84,7
DA:93,7
DA:94,0
DA:96,7
DA:97,1
DA:99,6
DA:105,1
LF:32
LH:31
BRDA:12,1,0,1
BRDA:12,1,1,1
BRDA:26,2,0,1
BRDA:26,2,1,2
BRDA:28,3,0,1
BRDA:28,3,1,1
BRDA:32,4,0,1
BRDA:32,4,1,1
BRDA:33,5,0,2
BRDA:33,5,1,2
BRDA:33,6,0,1
BRDA:33,6,1,1
BRDA:43,7,0,1
BRDA:43,7,1,1
BRDA:47,8,0,1
BRDA:47,8,1,1
BRDA:47,9,0,0
BRDA:47,9,1,1
BRDA:57,10,0,1
BRDA:57,10,1,2
BRDA:61,11,0,2
BRDA:61,11,1,2
BRDA:61,12,0,0
BRDA:61,12,1,2
BRDA:70,13,0,1
BRDA:70,13,1,2
BRDA:74,14,0,2
BRDA:74,14,1,2
BRDA:93,15,0,0
BRDA:93,15,1,7
BRDA:96,16,0,1
BRDA:96,16,1,6
BRF:32
BRH:29
end_of_record
TN:
SF:/Users/calvin/source/yeezon/yhsd-api-node/lib/WebHook.js
FN:8,(anonymous_1)
FN:22,(anonymous_2)
FNF:2
FNH:2
FNDA:2,(anonymous_1)
FNDA:2,(anonymous_2)
DA:1,1
DA:8,1
DA:9,2
DA:10,1
DA:12,1
DA:15,1
DA:23,2
DA:24,1
DA:26,1
DA:30,1
LF:10
LH:10
BRDA:9,1,0,1
BRDA:9,1,1,1
BRDA:23,2,0,1
BRDA:23,2,1,1
BRF:4
BRH:4
end_of_record
