TN:
SF:/Users/am/WebstormProjects/yhsd-api-node/index.js
FNF:0
FNH:0
DA:1,1
LF:1
LH:1
BRF:0
BRH:0
end_of_record
TN:
SF:/Users/am/WebstormProjects/yhsd-api-node/lib/config.js
FN:5,(anonymous_1)
FNF:1
FNH:1
FNDA:4,(anonymous_1)
DA:1,1
DA:2,1
DA:3,1
DA:5,1
DA:6,4
DA:7,0
DA:9,4
DA:10,0
DA:12,4
DA:13,0
DA:15,4
DA:16,0
DA:21,1
DA:28,1
LF:14
LH:10
BRDA:6,1,0,0
BRDA:6,1,1,4
BRDA:9,2,0,0
BRDA:9,2,1,4
BRDA:12,3,0,0
BRDA:12,3,1,4
BRDA:15,4,0,0
BRDA:15,4,1,4
BRF:8
BRH:4
end_of_record
TN:
SF:/Users/am/WebstormProjects/yhsd-api-node/lib/Auth.js
FN:21,(anonymous_1)
FN:51,(anonymous_2)
FN:68,(anonymous_3)
FN:86,(anonymous_4)
FN:114,(anonymous_5)
FN:121,(anonymous_6)
FNF:6
FNH:6
FNDA:13,(anonymous_1)
FNDA:4,(anonymous_2)
FNDA:2,(anonymous_3)
FNDA:4,(anonymous_4)
FNDA:3,(anonymous_5)
FNDA:1,(anonymous_6)
DA:1,1
DA:2,1
DA:3,1
DA:4,1
DA:5,1
DA:6,1
DA:21,1
DA:22,13
DA:23,1
DA:25,12
DA:26,10
DA:27,1
DA:29,9
DA:32,11
DA:33,11
DA:34,11
DA:35,11
DA:36,11
DA:37,11
DA:38,11
DA:39,11
DA:40,11
DA:45,1
DA:52,4
DA:53,1
DA:55,3
DA:56,3
DA:57,3
DA:69,2
DA:70,1
DA:72,1
DA:87,4
DA:88,4
DA:91,4
DA:92,2
DA:93,2
DA:97,2
DA:98,1
DA:100,1
DA:108,3
DA:114,3
DA:115,3
DA:116,0
DA:118,1
DA:122,1
DA:123,1
DA:124,1
DA:125,1
DA:130,1
LF:49
LH:48
BRDA:22,1,0,1
BRDA:22,1,1,12
BRDA:22,2,0,13
BRDA:22,2,1,13
BRDA:22,2,2,13
BRDA:25,3,0,10
BRDA:25,3,1,2
BRDA:26,4,0,1
BRDA:26,4,1,9
BRDA:29,5,0,9
BRDA:29,5,1,9
BRDA:32,6,0,11
BRDA:32,6,1,0
BRDA:33,7,0,11
BRDA:33,7,1,0
BRDA:34,8,0,11
BRDA:34,8,1,9
BRDA:35,9,0,11
BRDA:35,9,1,2
BRDA:36,10,0,11
BRDA:36,10,1,2
BRDA:37,11,0,11
BRDA:37,11,1,11
BRDA:38,12,0,11
BRDA:38,12,1,11
BRDA:39,13,0,11
BRDA:39,13,1,11
BRDA:52,14,0,1
BRDA:52,14,1,3
BRDA:57,15,0,3
BRDA:57,15,1,2
BRDA:69,16,0,1
BRDA:69,16,1,1
BRDA:91,17,0,2
BRDA:91,17,1,2
BRDA:97,18,0,1
BRDA:97,18,1,1
BRDA:104,19,0,0
BRDA:104,19,1,1
BRDA:115,20,0,0
BRDA:115,20,1,1
BRF:41
BRH:37
end_of_record
TN:
SF:/Users/am/WebstormProjects/yhsd-api-node/lib/Request.js
FN:15,genStringify
FN:36,increment
FN:45,decrement
FN:56,(anonymous_4)
FN:69,(anonymous_5)
FN:73,(anonymous_6)
FN:76,(anonymous_7)
FN:98,(anonymous_8)
FN:101,(anonymous_9)
FN:104,(anonymous_10)
FN:119,(anonymous_11)
FN:127,(anonymous_12)
FN:132,(anonymous_13)
FN:150,(anonymous_14)
FNF:14
FNH:14
FNDA:7,genStringify
FNDA:208,increment
FNDA:207,decrement
FNDA:15,(anonymous_4)
FNDA:212,(anonymous_5)
FNDA:212,(anonymous_6)
FNDA:212,(anonymous_7)
FNDA:212,(anonymous_8)
FNDA:211,(anonymous_9)
FNDA:211,(anonymous_10)
FNDA:211,(anonymous_11)
FNDA:212,(anonymous_12)
FNDA:208,(anonymous_13)
FNDA:211,(anonymous_14)
DA:1,1
DA:2,1
DA:3,1
DA:5,1
DA:6,1
DA:7,1
DA:15,1
DA:16,7
DA:17,7
DA:19,4
DA:21,3
DA:24,3
DA:25,3
DA:28,7
DA:36,1
DA:37,208
DA:38,208
DA:39,208
DA:45,1
DA:46,207
DA:47,207
DA:48,207
DA:50,0
DA:52,207
DA:56,1
DA:57,15
DA:58,15
DA:59,15
DA:60,15
DA:63,1
DA:70,212
DA:72,212
DA:76,212
DA:77,212
DA:78,212
DA:80,212
DA:83,212
DA:84,7
DA:85,7
DA:88,212
DA:99,212
DA:101,212
DA:102,211
DA:104,211
DA:105,211
DA:106,211
DA:107,211
DA:109,0
DA:112,211
DA:113,211
DA:116,211
DA:119,211
DA:120,211
DA:128,212
DA:130,212
DA:131,208
DA:133,208
DA:135,208
DA:136,0
DA:138,208
DA:144,4
DA:151,211
DA:153,211
DA:154,207
DA:155,207
DA:162,4
DA:167,1
LF:67
LH:64
BRDA:17,1,0,4
BRDA:17,1,1,3
BRDA:17,2,0,7
BRDA:17,2,1,7
BRDA:21,3,0,2
BRDA:21,3,1,3
BRDA:37,4,0,208
BRDA:37,4,1,208
BRDA:46,5,0,207
BRDA:46,5,1,8
BRDA:47,6,0,207
BRDA:47,6,1,0
BRDA:57,7,0,15
BRDA:57,7,1,14
BRDA:58,8,0,15
BRDA:58,8,1,14
BRDA:59,9,0,15
BRDA:59,9,1,3
BRDA:60,10,0,15
BRDA:60,10,1,14
BRDA:77,11,0,0
BRDA:77,11,1,212
BRDA:83,12,0,7
BRDA:83,12,1,205
BRDA:130,13,0,208
BRDA:130,13,1,4
BRDA:133,14,0,208
BRDA:133,14,1,208
BRDA:135,15,0,0
BRDA:135,15,1,208
BRDA:153,16,0,207
BRDA:153,16,1,4
BRDA:154,17,0,207
BRDA:154,17,1,0
BRDA:154,18,0,207
BRDA:154,18,1,207
BRF:36
BRH:32
end_of_record
TN:
SF:/Users/am/WebstormProjects/yhsd-api-node/lib/Api.js
FN:12,check
FN:25,(anonymous_2)
FN:35,(anonymous_3)
FN:46,(anonymous_4)
FN:47,(anonymous_5)
FN:66,(anonymous_6)
FN:92,(anonymous_7)
FN:104,(anonymous_8)
FN:116,(anonymous_9)
FN:127,(anonymous_10)
FN:140,(anonymous_11)
FNF:11
FNH:11
FNDA:2,check
FNDA:15,(anonymous_2)
FNDA:22,(anonymous_3)
FNDA:4,(anonymous_4)
FNDA:37,(anonymous_5)
FNDA:3,(anonymous_6)
FNDA:4,(anonymous_7)
FNDA:2,(anonymous_8)
FNDA:3,(anonymous_9)
FNDA:3,(anonymous_10)
FNDA:8,(anonymous_11)
DA:1,1
DA:2,1
DA:4,1
DA:5,1
DA:6,1
DA:8,1
DA:9,1
DA:10,1
DA:12,1
DA:13,2
DA:16,0
DA:25,1
DA:26,15
DA:35,1
DA:36,22
DA:37,22
DA:46,1
DA:47,4
DA:49,37
DA:51,37
DA:52,37
DA:66,1
DA:67,3
DA:68,1
DA:70,2
DA:72,2
DA:73,2
DA:75,2
DA:76,2
DA:78,2
DA:85,1
DA:93,4
DA:94,1
DA:96,3
DA:105,2
DA:106,1
DA:108,1
DA:117,3
DA:118,1
DA:120,2
DA:128,3
DA:129,1
DA:131,2
DA:141,8
DA:153,1
LF:45
LH:44
BRDA:13,1,0,0
BRDA:13,1,1,2
BRDA:13,2,0,2
BRDA:13,2,1,1
BRDA:13,2,2,1
BRDA:13,2,3,0
BRDA:13,2,4,0
BRDA:67,3,0,1
BRDA:67,3,1,2
BRDA:73,4,0,2
BRDA:73,4,1,1
BRDA:73,4,2,1
BRDA:75,5,0,2
BRDA:75,5,1,1
BRDA:75,5,2,2
BRDA:76,6,0,2
BRDA:76,6,1,1
BRDA:76,6,2,2
BRDA:79,7,0,2
BRDA:79,7,1,1
BRDA:79,7,2,1
BRDA:93,8,0,1
BRDA:93,8,1,3
BRDA:96,9,0,1
BRDA:96,9,1,2
BRDA:105,10,0,1
BRDA:105,10,1,1
BRDA:117,11,0,1
BRDA:117,11,1,2
BRDA:128,12,0,1
BRDA:128,12,1,2
BRF:31
BRH:28
end_of_record
TN:
SF:/Users/am/WebstormProjects/yhsd-api-node/lib/util.js
FN:2,(anonymous_1)
FN:5,(anonymous_2)
FN:8,(anonymous_3)
FNF:3
FNH:0
FNDA:0,(anonymous_1)
FNDA:0,(anonymous_2)
FNDA:0,(anonymous_3)
DA:1,1
DA:3,0
DA:6,0
DA:9,0
LF:4
LH:1
BRDA:3,1,0,0
BRDA:3,1,1,0
BRDA:3,1,2,0
BRF:3
BRH:0
end_of_record
TN:
SF:/Users/am/WebstormProjects/yhsd-api-node/lib/WebHook.js
FN:8,(anonymous_1)
FN:22,(anonymous_2)
FNF:2
FNH:2
FNDA:2,(anonymous_1)
FNDA:4,(anonymous_2)
DA:1,1
DA:2,1
DA:8,1
DA:9,2
DA:10,1
DA:12,1
DA:15,1
DA:23,4
DA:24,1
DA:26,3
DA:27,3
DA:31,1
LF:12
LH:12
BRDA:9,1,0,1
BRDA:9,1,1,1
BRDA:23,2,0,1
BRDA:23,2,1,3
BRF:4
BRH:4
end_of_record
